
**** Clean-only build of configuration Debug for project MSP430-ADC+CURRENT ****

"C:\\ti\\ccs1000\\ccs\\utils\\bin\\gmake" -k clean 
 
DEL /F  "MSP430-ADC+CURRENT.hex"  "MSP430-ADC+CURRENT.out" 
DEL /F "I2C.obj" "analogsensors.obj" "keys.obj" "lcd.obj" "leds.obj" "main.obj" "msp430_initialize_unused_interrrupt_vectors.obj" "sysfunc.obj" "uart.obj" 
DEL /F "I2C.d" "analogsensors.d" "keys.d" "lcd.d" "leds.d" "main.d" "msp430_initialize_unused_interrrupt_vectors.d" "sysfunc.d" "uart.d" 
Не удается найти C:\Users\D4rkn\Desktop\COOL_Microcontrollers\podkopaev\exam\MSP430-ADC+CURRENT\Debug\I2C.d
Finished clean
 

**** Build Finished ****

**** Build of configuration Debug for project MSP430-ADC+CURRENT ****

"C:\\ti\\ccs1000\\ccs\\utils\\bin\\gmake" -k all 
 
Building file: "../I2C.c"
Invoking: MSP430 Compiler
"C:/ti/ccs1000/ccs/tools/compiler/ti-cgt-msp430_20.2.0.LTS/bin/cl430" -vmsp --abi=eabi -Ooff --include_path="C:/ti/ccs1000/ccs/ccs_base/msp430/include" --include_path="C:/ti/ccs1000/ccs/tools/compiler/ti-cgt-msp430_20.2.0.LTS/include" --advice:power="all" -g --define=__MSP430F1611__ --diag_warning=225 --display_error_number --diag_wrap=off --printf_support=full --preproc_with_compile --preproc_dependency="I2C.d_raw"  "../I2C.c"
"../I2C.c", line 39: remark #1528-D: (ULP 3.1) Detected flag polling using I2CBUSY. Recommend using an interrupt combined with enter LPMx and ISR
"../I2C.c", line 47: remark #1527-D: (ULP 2.1) Detected SW delay loop using empty loop. Recommend using a timer module instead
"../I2C.c", line 55: remark #1528-D: (ULP 3.1) Detected flag polling using I2CBUSY. Recommend using an interrupt combined with enter LPMx and ISR
"../I2C.c", line 64: remark #1527-D: (ULP 2.1) Detected SW delay loop using empty loop. Recommend using a timer module instead
Finished building: "../I2C.c"
 
Building file: "../analogsensors.c"
Invoking: MSP430 Compiler
"C:/ti/ccs1000/ccs/tools/compiler/ti-cgt-msp430_20.2.0.LTS/bin/cl430" -vmsp --abi=eabi -Ooff --include_path="C:/ti/ccs1000/ccs/ccs_base/msp430/include" --include_path="C:/ti/ccs1000/ccs/tools/compiler/ti-cgt-msp430_20.2.0.LTS/include" --advice:power="all" -g --define=__MSP430F1611__ --diag_warning=225 --display_error_number --diag_wrap=off --printf_support=full --preproc_with_compile --preproc_dependency="analogsensors.d_raw"  "../analogsensors.c"
"../analogsensors.c", line 27: remark #1528-D: (ULP 3.1) Detected flag polling using ADC12IFG. Recommend using an interrupt combined with enter LPMx and ISR
"../analogsensors.c", line 31: remark #1530-D: (ULP 5.1) Detected divide operation(s). Recommend moving them to RAM during run time or not using as these are processing/power intensive
"../analogsensors.c", line 51: remark #1528-D: (ULP 3.1) Detected flag polling using ADC12IFG. Recommend using an interrupt combined with enter LPMx and ISR
"../analogsensors.c", line 55: remark #1530-D: (ULP 5.1) Detected divide operation(s). Recommend moving them to RAM during run time or not using as these are processing/power intensive
"../analogsensors.c", line 68: remark #1530-D: (ULP 5.1) Detected divide operation(s). Recommend moving them to RAM during run time or not using as these are processing/power intensive
"../analogsensors.c", line 16 (col. 7): remark #1531-D: (ULP 5.2) Detected floating point operation(s). Recommend moving them to RAM during run time or not using as these are processing/power intensive
"../analogsensors.c", line 31 (col. 14): remark #1531-D: (ULP 5.2) Detected floating point operation(s). Recommend moving them to RAM during run time or not using as these are processing/power intensive
"../analogsensors.c", line 39 (col. 7): remark #1531-D: (ULP 5.2) Detected floating point operation(s). Recommend moving them to RAM during run time or not using as these are processing/power intensive
"../analogsensors.c", line 55 (col. 16): remark #1531-D: (ULP 5.2) Detected floating point operation(s). Recommend moving them to RAM during run time or not using as these are processing/power intensive
Finished building: "../analogsensors.c"
 
Building file: "../keys.c"
Invoking: MSP430 Compiler
"C:/ti/ccs1000/ccs/tools/compiler/ti-cgt-msp430_20.2.0.LTS/bin/cl430" -vmsp --abi=eabi -Ooff --include_path="C:/ti/ccs1000/ccs/ccs_base/msp430/include" --include_path="C:/ti/ccs1000/ccs/tools/compiler/ti-cgt-msp430_20.2.0.LTS/include" --advice:power="all" -g --define=__MSP430F1611__ --diag_warning=225 --display_error_number --diag_wrap=off --printf_support=full --preproc_with_compile --preproc_dependency="keys.d_raw"  "../keys.c"
"../keys.c", line 21: remark #1544-D: (ULP 13.1) Detected loop counting up. Recommend loops count down as detecting zeros is easier
"../keys.c", line 32: remark #1545-D: (ULP 14.1) Array index of type "int". Recommend using "unsigned int"
"../keys.c", line 69: remark #1544-D: (ULP 13.1) Detected loop counting up. Recommend loops count down as detecting zeros is easier
Finished building: "../keys.c"
 
Building file: "../lcd.c"
Invoking: MSP430 Compiler
"C:/ti/ccs1000/ccs/tools/compiler/ti-cgt-msp430_20.2.0.LTS/bin/cl430" -vmsp --abi=eabi -Ooff --include_path="C:/ti/ccs1000/ccs/ccs_base/msp430/include" --include_path="C:/ti/ccs1000/ccs/tools/compiler/ti-cgt-msp430_20.2.0.LTS/include" --advice:power="all" -g --define=__MSP430F1611__ --diag_warning=225 --display_error_number --diag_wrap=off --printf_support=full --preproc_with_compile --preproc_dependency="lcd.d_raw"  "../lcd.c"
"../lcd.c", line 172: remark #1527-D: (ULP 2.1) Detected SW delay loop using empty loop. Recommend using a timer module instead
"../lcd.c", line 204: remark #2553-D: (ULP 14.1) Array index (involving "b") of type "int". Recommend using "unsigned int"
Finished building: "../lcd.c"
 
Building file: "../leds.c"
Invoking: MSP430 Compiler
"C:/ti/ccs1000/ccs/tools/compiler/ti-cgt-msp430_20.2.0.LTS/bin/cl430" -vmsp --abi=eabi -Ooff --include_path="C:/ti/ccs1000/ccs/ccs_base/msp430/include" --include_path="C:/ti/ccs1000/ccs/tools/compiler/ti-cgt-msp430_20.2.0.LTS/include" --advice:power="all" -g --define=__MSP430F1611__ --diag_warning=225 --display_error_number --diag_wrap=off --printf_support=full --preproc_with_compile --preproc_dependency="leds.d_raw"  "../leds.c"
Finished building: "../leds.c"
 
Building file: "../main.c"
Invoking: MSP430 Compiler
"C:/ti/ccs1000/ccs/tools/compiler/ti-cgt-msp430_20.2.0.LTS/bin/cl430" -vmsp --abi=eabi -Ooff --include_path="C:/ti/ccs1000/ccs/ccs_base/msp430/include" --include_path="C:/ti/ccs1000/ccs/tools/compiler/ti-cgt-msp430_20.2.0.LTS/include" --advice:power="all" -g --define=__MSP430F1611__ --diag_warning=225 --display_error_number --diag_wrap=off --printf_support=full --preproc_with_compile --preproc_dependency="main.d_raw"  "../main.c"
"../main.c", line 28: remark #1527-D: (ULP 2.1) Detected SW delay loop using empty loop. Recommend using a timer module instead
Finished building: "../main.c"
 
Building file: "../msp430_initialize_unused_interrrupt_vectors.c"
Invoking: MSP430 Compiler
"C:/ti/ccs1000/ccs/tools/compiler/ti-cgt-msp430_20.2.0.LTS/bin/cl430" -vmsp --abi=eabi -Ooff --include_path="C:/ti/ccs1000/ccs/ccs_base/msp430/include" --include_path="C:/ti/ccs1000/ccs/tools/compiler/ti-cgt-msp430_20.2.0.LTS/include" --advice:power="all" -g --define=__MSP430F1611__ --diag_warning=225 --display_error_number --diag_wrap=off --printf_support=full --preproc_with_compile --preproc_dependency="msp430_initialize_unused_interrrupt_vectors.d_raw"  "../msp430_initialize_unused_interrrupt_vectors.c"
Finished building: "../msp430_initialize_unused_interrrupt_vectors.c"
 
Building file: "../sysfunc.c"
Invoking: MSP430 Compiler
"C:/ti/ccs1000/ccs/tools/compiler/ti-cgt-msp430_20.2.0.LTS/bin/cl430" -vmsp --abi=eabi -Ooff --include_path="C:/ti/ccs1000/ccs/ccs_base/msp430/include" --include_path="C:/ti/ccs1000/ccs/tools/compiler/ti-cgt-msp430_20.2.0.LTS/include" --advice:power="all" -g --define=__MSP430F1611__ --diag_warning=225 --display_error_number --diag_wrap=off --printf_support=full --preproc_with_compile --preproc_dependency="sysfunc.d_raw"  "../sysfunc.c"
"../sysfunc.c", line 24: remark #1527-D: (ULP 2.1) Detected SW delay loop using empty loop. Recommend using a timer module instead
"../sysfunc.c", line 33: remark #1544-D: (ULP 13.1) Detected loop counting up. Recommend loops count down as detecting zeros is easier
"../sysfunc.c", line 33: remark #1527-D: (ULP 2.1) Detected SW delay loop using empty loop. Recommend using a timer module instead
"../sysfunc.c", line 34: remark #1544-D: (ULP 13.1) Detected loop counting up. Recommend loops count down as detecting zeros is easier
"../sysfunc.c", line 34: remark #1527-D: (ULP 2.1) Detected SW delay loop using empty loop. Recommend using a timer module instead
"../sysfunc.c", line 40: remark #1544-D: (ULP 13.1) Detected loop counting up. Recommend loops count down as detecting zeros is easier
"../sysfunc.c", line 40: remark #1527-D: (ULP 2.1) Detected SW delay loop using empty loop. Recommend using a timer module instead
Finished building: "../sysfunc.c"
 
Building file: "../uart.c"
Invoking: MSP430 Compiler
"C:/ti/ccs1000/ccs/tools/compiler/ti-cgt-msp430_20.2.0.LTS/bin/cl430" -vmsp --abi=eabi -Ooff --include_path="C:/ti/ccs1000/ccs/ccs_base/msp430/include" --include_path="C:/ti/ccs1000/ccs/tools/compiler/ti-cgt-msp430_20.2.0.LTS/include" --advice:power="all" -g --define=__MSP430F1611__ --diag_warning=225 --display_error_number --diag_wrap=off --printf_support=full --preproc_with_compile --preproc_dependency="uart.d_raw"  "../uart.c"
"../uart.c", line 62: remark #1528-D: (ULP 3.1) Detected flag polling using IFG2. Recommend using an interrupt combined with enter LPMx and ISR
"../uart.c", line 70: remark #1528-D: (ULP 3.1) Detected flag polling using IFG2. Recommend using an interrupt combined with enter LPMx and ISR
Finished building: "../uart.c"
 
Building target: "MSP430-ADC+CURRENT.out"
Invoking: MSP430 Linker
"C:/ti/ccs1000/ccs/tools/compiler/ti-cgt-msp430_20.2.0.LTS/bin/cl430" -vmsp --abi=eabi -Ooff --advice:power="all" -g --define=__MSP430F1611__ --diag_warning=225 --display_error_number --diag_wrap=off --printf_support=full -z -m"MSP430-ADC+CURRENT.map" --heap_size=100 --stack_size=500 --use_hw_mpy=16 --cinit_hold_wdt=on -i"C:/ti/ccs1000/ccs/ccs_base/msp430/include" -i"C:/ti/ccs1000/ccs/tools/compiler/ti-cgt-msp430_20.2.0.LTS/lib" -i"C:/ti/ccs1000/ccs/tools/compiler/ti-cgt-msp430_20.2.0.LTS/include" --reread_libs --warn_sections --display_error_number --diag_wrap=off --xml_link_info="MSP430-ADC+CURRENT_linkInfo.xml" --rom_model -o "MSP430-ADC+CURRENT.out" "./I2C.obj" "./analogsensors.obj" "./keys.obj" "./lcd.obj" "./leds.obj" "./main.obj" "./msp430_initialize_unused_interrrupt_vectors.obj" "./sysfunc.obj" "./uart.obj" "../lnk_msp430f1611.cmd"  -llibc.a 
<Linking>
error #10056: symbol "__TI_int07" redefined: first defined in "./main.obj"; redefined in "./msp430_initialize_unused_interrrupt_vectors.obj"
remark #10372-D: (ULP 4.1) Detected uninitialized Port 1 in this project. Recommend initializing all unused ports to eliminate wasted current consumption on unused pins.
error #10010: errors encountered during linking; "MSP430-ADC+CURRENT.out" not built
 
>> Compilation failure
makefile:148: recipe for target 'MSP430-ADC+CURRENT.out' failed
gmake: *** [MSP430-ADC+CURRENT.out] Error 1
gmake: Target 'all' not remade because of errors.

**** Build Finished ****

**** Build of configuration Debug for project MSP430-ADC+CURRENT ****

"C:\\ti\\ccs1000\\ccs\\utils\\bin\\gmake" -k all 
 
Building file: "../main.c"
Invoking: MSP430 Compiler
"C:/ti/ccs1000/ccs/tools/compiler/ti-cgt-msp430_20.2.0.LTS/bin/cl430" -vmsp --abi=eabi -Ooff --include_path="C:/ti/ccs1000/ccs/ccs_base/msp430/include" --include_path="C:/ti/ccs1000/ccs/tools/compiler/ti-cgt-msp430_20.2.0.LTS/include" --advice:power="all" -g --define=__MSP430F1611__ --diag_warning=225 --display_error_number --diag_wrap=off --printf_support=full --preproc_with_compile --preproc_dependency="main.d_raw"  "../main.c"
"../main.c", line 27: remark #1527-D: (ULP 2.1) Detected SW delay loop using empty loop. Recommend using a timer module instead
Finished building: "../main.c"
 
Building target: "MSP430-ADC+CURRENT.out"
Invoking: MSP430 Linker
"C:/ti/ccs1000/ccs/tools/compiler/ti-cgt-msp430_20.2.0.LTS/bin/cl430" -vmsp --abi=eabi -Ooff --advice:power="all" -g --define=__MSP430F1611__ --diag_warning=225 --display_error_number --diag_wrap=off --printf_support=full -z -m"MSP430-ADC+CURRENT.map" --heap_size=100 --stack_size=500 --use_hw_mpy=16 --cinit_hold_wdt=on -i"C:/ti/ccs1000/ccs/ccs_base/msp430/include" -i"C:/ti/ccs1000/ccs/tools/compiler/ti-cgt-msp430_20.2.0.LTS/lib" -i"C:/ti/ccs1000/ccs/tools/compiler/ti-cgt-msp430_20.2.0.LTS/include" --reread_libs --warn_sections --display_error_number --diag_wrap=off --xml_link_info="MSP430-ADC+CURRENT_linkInfo.xml" --rom_model -o "MSP430-ADC+CURRENT.out" "./I2C.obj" "./analogsensors.obj" "./keys.obj" "./lcd.obj" "./leds.obj" "./main.obj" "./msp430_initialize_unused_interrrupt_vectors.obj" "./sysfunc.obj" "./uart.obj" "../lnk_msp430f1611.cmd"  -llibc.a 
<Linking>
error #10056: symbol "__TI_int07" redefined: first defined in "./main.obj"; redefined in "./msp430_initialize_unused_interrrupt_vectors.obj"
remark #10372-D: (ULP 4.1) Detected uninitialized Port 1 in this project. Recommend initializing all unused ports to eliminate wasted current consumption on unused pins.
error #10010: errors encountered during linking; "MSP430-ADC+CURRENT.out" not built
 
>> Compilation failure
makefile:148: recipe for target 'MSP430-ADC+CURRENT.out' failed
gmake: *** [MSP430-ADC+CURRENT.out] Error 1
gmake: Target 'all' not remade because of errors.

**** Build Finished ****

**** Build of configuration Debug for project MSP430-ADC+CURRENT ****

"C:\\ti\\ccs1000\\ccs\\utils\\bin\\gmake" -k all 
 
Building file: "../main.c"
Invoking: MSP430 Compiler
"C:/ti/ccs1000/ccs/tools/compiler/ti-cgt-msp430_20.2.0.LTS/bin/cl430" -vmsp --abi=eabi -Ooff --include_path="C:/ti/ccs1000/ccs/ccs_base/msp430/include" --include_path="C:/ti/ccs1000/ccs/tools/compiler/ti-cgt-msp430_20.2.0.LTS/include" --advice:power="all" -g --define=__MSP430F1611__ --diag_warning=225 --display_error_number --diag_wrap=off --printf_support=full --preproc_with_compile --preproc_dependency="main.d_raw"  "../main.c"
Finished building: "../main.c"
 
Building target: "MSP430-ADC+CURRENT.out"
Invoking: MSP430 Linker
"C:/ti/ccs1000/ccs/tools/compiler/ti-cgt-msp430_20.2.0.LTS/bin/cl430" -vmsp --abi=eabi -Ooff --advice:power="all" -g --define=__MSP430F1611__ --diag_warning=225 --display_error_number --diag_wrap=off --printf_support=full -z -m"MSP430-ADC+CURRENT.map" --heap_size=100 --stack_size=500 --use_hw_mpy=16 --cinit_hold_wdt=on -i"C:/ti/ccs1000/ccs/ccs_base/msp430/include" -i"C:/ti/ccs1000/ccs/tools/compiler/ti-cgt-msp430_20.2.0.LTS/lib" -i"C:/ti/ccs1000/ccs/tools/compiler/ti-cgt-msp430_20.2.0.LTS/include" --reread_libs --warn_sections --display_error_number --diag_wrap=off --xml_link_info="MSP430-ADC+CURRENT_linkInfo.xml" --rom_model -o "MSP430-ADC+CURRENT.out" "./I2C.obj" "./analogsensors.obj" "./keys.obj" "./lcd.obj" "./leds.obj" "./main.obj" "./msp430_initialize_unused_interrrupt_vectors.obj" "./sysfunc.obj" "./uart.obj" "../lnk_msp430f1611.cmd"  -llibc.a 
<Linking>
remark #10372-D: (ULP 4.1) Detected uninitialized Port 1 in this project. Recommend initializing all unused ports to eliminate wasted current consumption on unused pins.
Finished building target: "MSP430-ADC+CURRENT.out"
 

**** Build Finished ****

**** Build of configuration Debug for project MSP430-ADC+CURRENT ****

"C:\\ti\\ccs1000\\ccs\\utils\\bin\\gmake" -k all 
 
Building file: "../main.c"
Invoking: MSP430 Compiler
"C:/ti/ccs1000/ccs/tools/compiler/ti-cgt-msp430_20.2.0.LTS/bin/cl430" -vmsp --abi=eabi -Ooff --include_path="C:/ti/ccs1000/ccs/ccs_base/msp430/include" --include_path="C:/ti/ccs1000/ccs/tools/compiler/ti-cgt-msp430_20.2.0.LTS/include" --advice:power="all" -g --define=__MSP430F1611__ --diag_warning=225 --display_error_number --diag_wrap=off --printf_support=full --preproc_with_compile --preproc_dependency="main.d_raw"  "../main.c"
"../main.c", line 27: remark #1527-D: (ULP 2.1) Detected SW delay loop using empty loop. Recommend using a timer module instead
Finished building: "../main.c"
 
Building target: "MSP430-ADC+CURRENT.out"
Invoking: MSP430 Linker
"C:/ti/ccs1000/ccs/tools/compiler/ti-cgt-msp430_20.2.0.LTS/bin/cl430" -vmsp --abi=eabi -Ooff --advice:power="all" -g --define=__MSP430F1611__ --diag_warning=225 --display_error_number --diag_wrap=off --printf_support=full -z -m"MSP430-ADC+CURRENT.map" --heap_size=100 --stack_size=500 --use_hw_mpy=16 --cinit_hold_wdt=on -i"C:/ti/ccs1000/ccs/ccs_base/msp430/include" -i"C:/ti/ccs1000/ccs/tools/compiler/ti-cgt-msp430_20.2.0.LTS/lib" -i"C:/ti/ccs1000/ccs/tools/compiler/ti-cgt-msp430_20.2.0.LTS/include" --reread_libs --warn_sections --display_error_number --diag_wrap=off --xml_link_info="MSP430-ADC+CURRENT_linkInfo.xml" --rom_model -o "MSP430-ADC+CURRENT.out" "./I2C.obj" "./analogsensors.obj" "./keys.obj" "./lcd.obj" "./leds.obj" "./main.obj" "./msp430_initialize_unused_interrrupt_vectors.obj" "./sysfunc.obj" "./uart.obj" "../lnk_msp430f1611.cmd"  -llibc.a 
<Linking>
error #10056: symbol "__TI_int07" redefined: first defined in "./main.obj"; redefined in "./msp430_initialize_unused_interrrupt_vectors.obj"
remark #10372-D: (ULP 4.1) Detected uninitialized Port 1 in this project. Recommend initializing all unused ports to eliminate wasted current consumption on unused pins.
error #10010: errors encountered during linking; "MSP430-ADC+CURRENT.out" not built
 
>> Compilation failure
makefile:148: recipe for target 'MSP430-ADC+CURRENT.out' failed
gmake: *** [MSP430-ADC+CURRENT.out] Error 1
gmake: Target 'all' not remade because of errors.

**** Build Finished ****

**** Build of configuration Debug for project MSP430-ADC+CURRENT ****

"C:\\ti\\ccs1000\\ccs\\utils\\bin\\gmake" -k all 
 
Building file: "../main.c"
Invoking: MSP430 Compiler
"C:/ti/ccs1000/ccs/tools/compiler/ti-cgt-msp430_20.2.0.LTS/bin/cl430" -vmsp --abi=eabi -Ooff --include_path="C:/ti/ccs1000/ccs/ccs_base/msp430/include" --include_path="C:/ti/ccs1000/ccs/tools/compiler/ti-cgt-msp430_20.2.0.LTS/include" --advice:power="all" -g --define=__MSP430F1611__ --diag_warning=225 --display_error_number --diag_wrap=off --printf_support=full --preproc_with_compile --preproc_dependency="main.d_raw"  "../main.c"
"../main.c", line 26: remark #1527-D: (ULP 2.1) Detected SW delay loop using empty loop. Recommend using a timer module instead
Finished building: "../main.c"
 
Building target: "MSP430-ADC+CURRENT.out"
Invoking: MSP430 Linker
"C:/ti/ccs1000/ccs/tools/compiler/ti-cgt-msp430_20.2.0.LTS/bin/cl430" -vmsp --abi=eabi -Ooff --advice:power="all" -g --define=__MSP430F1611__ --diag_warning=225 --display_error_number --diag_wrap=off --printf_support=full -z -m"MSP430-ADC+CURRENT.map" --heap_size=100 --stack_size=500 --use_hw_mpy=16 --cinit_hold_wdt=on -i"C:/ti/ccs1000/ccs/ccs_base/msp430/include" -i"C:/ti/ccs1000/ccs/tools/compiler/ti-cgt-msp430_20.2.0.LTS/lib" -i"C:/ti/ccs1000/ccs/tools/compiler/ti-cgt-msp430_20.2.0.LTS/include" --reread_libs --warn_sections --display_error_number --diag_wrap=off --xml_link_info="MSP430-ADC+CURRENT_linkInfo.xml" --rom_model -o "MSP430-ADC+CURRENT.out" "./I2C.obj" "./analogsensors.obj" "./keys.obj" "./lcd.obj" "./leds.obj" "./main.obj" "./msp430_initialize_unused_interrrupt_vectors.obj" "./sysfunc.obj" "./uart.obj" "../lnk_msp430f1611.cmd"  -llibc.a 
<Linking>
error #10056: symbol "__TI_int07" redefined: first defined in "./main.obj"; redefined in "./msp430_initialize_unused_interrrupt_vectors.obj"
remark #10372-D: (ULP 4.1) Detected uninitialized Port 1 in this project. Recommend initializing all unused ports to eliminate wasted current consumption on unused pins.
error #10010: errors encountered during linking; "MSP430-ADC+CURRENT.out" not built
 
>> Compilation failure
makefile:148: recipe for target 'MSP430-ADC+CURRENT.out' failed
gmake: *** [MSP430-ADC+CURRENT.out] Error 1
gmake: Target 'all' not remade because of errors.

**** Build Finished ****
