
**** Clean-only build of configuration Debug for project MSP430-leds ****

"C:\\ti\\ccs1000\\ccs\\utils\\bin\\gmake" -k clean 
 
DEL /F  "MSP430-leds.hex"  "MSP430-leds.out" 
DEL /F "I2C.obj" "keys.obj" "leds.obj" "main.obj" "msp430_initialize_unused_interrrupt_vectors.obj" "sysfunc.obj" 
DEL /F "I2C.d" "keys.d" "leds.d" "main.d" "msp430_initialize_unused_interrrupt_vectors.d" "sysfunc.d" 
Не удается найти C:\Users\D4rkn\Desktop\COOL_Microcontrollers\Методические указания\ЭВМ и ПУ\Для студентов\LABs\lab3\MSP430-leds\Debug\I2C.d
Finished clean
 

**** Build Finished ****

**** Build of configuration Debug for project MSP430-leds ****

"C:\\ti\\ccs1000\\ccs\\utils\\bin\\gmake" -k all 
 
Building file: "../I2C.c"
Invoking: MSP430 Compiler
"C:/ti/ccs1000/ccs/tools/compiler/ti-cgt-msp430_20.2.0.LTS/bin/cl430" -vmsp --abi=eabi -Ooff --include_path="C:/ti/ccs1000/ccs/ccs_base/msp430/include" --include_path="C:/ti/ccs1000/ccs/tools/compiler/ti-cgt-msp430_20.2.0.LTS/include" --advice:power="all" -g --define=__MSP430F1611__ --diag_warning=225 --display_error_number --diag_wrap=off --printf_support=minimal --preproc_with_compile --preproc_dependency="I2C.d_raw"  "../I2C.c"
"../I2C.c", line 39: remark #1528-D: (ULP 3.1) Detected flag polling using I2CBUSY. Recommend using an interrupt combined with enter LPMx and ISR
"../I2C.c", line 47: remark #1527-D: (ULP 2.1) Detected SW delay loop using empty loop. Recommend using a timer module instead
"../I2C.c", line 55: remark #1528-D: (ULP 3.1) Detected flag polling using I2CBUSY. Recommend using an interrupt combined with enter LPMx and ISR
"../I2C.c", line 64: remark #1527-D: (ULP 2.1) Detected SW delay loop using empty loop. Recommend using a timer module instead
Finished building: "../I2C.c"
 
Building file: "../keys.c"
Invoking: MSP430 Compiler
"C:/ti/ccs1000/ccs/tools/compiler/ti-cgt-msp430_20.2.0.LTS/bin/cl430" -vmsp --abi=eabi -Ooff --include_path="C:/ti/ccs1000/ccs/ccs_base/msp430/include" --include_path="C:/ti/ccs1000/ccs/tools/compiler/ti-cgt-msp430_20.2.0.LTS/include" --advice:power="all" -g --define=__MSP430F1611__ --diag_warning=225 --display_error_number --diag_wrap=off --printf_support=minimal --preproc_with_compile --preproc_dependency="keys.d_raw"  "../keys.c"
"../keys.c", line 21: remark #1544-D: (ULP 13.1) Detected loop counting up. Recommend loops count down as detecting zeros is easier
"../keys.c", line 32: remark #1545-D: (ULP 14.1) Array index of type "int". Recommend using "unsigned int"
"../keys.c", line 69: remark #1544-D: (ULP 13.1) Detected loop counting up. Recommend loops count down as detecting zeros is easier
Finished building: "../keys.c"
 
Building file: "../leds.c"
Invoking: MSP430 Compiler
"C:/ti/ccs1000/ccs/tools/compiler/ti-cgt-msp430_20.2.0.LTS/bin/cl430" -vmsp --abi=eabi -Ooff --include_path="C:/ti/ccs1000/ccs/ccs_base/msp430/include" --include_path="C:/ti/ccs1000/ccs/tools/compiler/ti-cgt-msp430_20.2.0.LTS/include" --advice:power="all" -g --define=__MSP430F1611__ --diag_warning=225 --display_error_number --diag_wrap=off --printf_support=minimal --preproc_with_compile --preproc_dependency="leds.d_raw"  "../leds.c"
Finished building: "../leds.c"
 
Building file: "../main.c"
Invoking: MSP430 Compiler
"C:/ti/ccs1000/ccs/tools/compiler/ti-cgt-msp430_20.2.0.LTS/bin/cl430" -vmsp --abi=eabi -Ooff --include_path="C:/ti/ccs1000/ccs/ccs_base/msp430/include" --include_path="C:/ti/ccs1000/ccs/tools/compiler/ti-cgt-msp430_20.2.0.LTS/include" --advice:power="all" -g --define=__MSP430F1611__ --diag_warning=225 --display_error_number --diag_wrap=off --printf_support=minimal --preproc_with_compile --preproc_dependency="main.d_raw"  "../main.c"
Finished building: "../main.c"
 
Building file: "../msp430_initialize_unused_interrrupt_vectors.c"
Invoking: MSP430 Compiler
"C:/ti/ccs1000/ccs/tools/compiler/ti-cgt-msp430_20.2.0.LTS/bin/cl430" -vmsp --abi=eabi -Ooff --include_path="C:/ti/ccs1000/ccs/ccs_base/msp430/include" --include_path="C:/ti/ccs1000/ccs/tools/compiler/ti-cgt-msp430_20.2.0.LTS/include" --advice:power="all" -g --define=__MSP430F1611__ --diag_warning=225 --display_error_number --diag_wrap=off --printf_support=minimal --preproc_with_compile --preproc_dependency="msp430_initialize_unused_interrrupt_vectors.d_raw"  "../msp430_initialize_unused_interrrupt_vectors.c"
Finished building: "../msp430_initialize_unused_interrrupt_vectors.c"
 
Building file: "../sysfunc.c"
Invoking: MSP430 Compiler
"C:/ti/ccs1000/ccs/tools/compiler/ti-cgt-msp430_20.2.0.LTS/bin/cl430" -vmsp --abi=eabi -Ooff --include_path="C:/ti/ccs1000/ccs/ccs_base/msp430/include" --include_path="C:/ti/ccs1000/ccs/tools/compiler/ti-cgt-msp430_20.2.0.LTS/include" --advice:power="all" -g --define=__MSP430F1611__ --diag_warning=225 --display_error_number --diag_wrap=off --printf_support=minimal --preproc_with_compile --preproc_dependency="sysfunc.d_raw"  "../sysfunc.c"
"../sysfunc.c", line 24: remark #1527-D: (ULP 2.1) Detected SW delay loop using empty loop. Recommend using a timer module instead
"../sysfunc.c", line 33: remark #1544-D: (ULP 13.1) Detected loop counting up. Recommend loops count down as detecting zeros is easier
"../sysfunc.c", line 33: remark #1527-D: (ULP 2.1) Detected SW delay loop using empty loop. Recommend using a timer module instead
"../sysfunc.c", line 34: remark #1544-D: (ULP 13.1) Detected loop counting up. Recommend loops count down as detecting zeros is easier
"../sysfunc.c", line 34: remark #1527-D: (ULP 2.1) Detected SW delay loop using empty loop. Recommend using a timer module instead
"../sysfunc.c", line 40: remark #1544-D: (ULP 13.1) Detected loop counting up. Recommend loops count down as detecting zeros is easier
"../sysfunc.c", line 40: remark #1527-D: (ULP 2.1) Detected SW delay loop using empty loop. Recommend using a timer module instead
Finished building: "../sysfunc.c"
 
Building target: "MSP430-leds.out"
Invoking: MSP430 Linker
"C:/ti/ccs1000/ccs/tools/compiler/ti-cgt-msp430_20.2.0.LTS/bin/cl430" -vmsp --abi=eabi -Ooff --advice:power="all" -g --define=__MSP430F1611__ --diag_warning=225 --display_error_number --diag_wrap=off --printf_support=minimal -z -m"MSP430-leds.map" --heap_size=80 --stack_size=80 --use_hw_mpy=16 --cinit_hold_wdt=on -i"C:/ti/ccs1000/ccs/ccs_base/msp430/include" -i"C:/ti/ccs1000/ccs/tools/compiler/ti-cgt-msp430_20.2.0.LTS/lib" -i"C:/ti/ccs1000/ccs/tools/compiler/ti-cgt-msp430_20.2.0.LTS/include" --reread_libs --warn_sections --display_error_number --diag_wrap=off --xml_link_info="MSP430-leds_linkInfo.xml" --rom_model -o "MSP430-leds.out" "./I2C.obj" "./keys.obj" "./leds.obj" "./main.obj" "./msp430_initialize_unused_interrrupt_vectors.obj" "./sysfunc.obj" "../lnk_msp430f1611.cmd"  -llibc.a 
<Linking>
remark #10371-D: (ULP 1.1) Detected no uses of low power mode state changing instructions
remark #10372-D: (ULP 4.1) Detected uninitialized Port 1 in this project. Recommend initializing all unused ports to eliminate wasted current consumption on unused pins.
remark #10372-D: (ULP 4.1) Detected uninitialized Port 2 in this project. Recommend initializing all unused ports to eliminate wasted current consumption on unused pins.
remark #10372-D: (ULP 4.1) Detected uninitialized Port 4 in this project. Recommend initializing all unused ports to eliminate wasted current consumption on unused pins.
remark #10372-D: (ULP 4.1) Detected uninitialized Port 5 in this project. Recommend initializing all unused ports to eliminate wasted current consumption on unused pins.
remark #10372-D: (ULP 4.1) Detected uninitialized Port 6 in this project. Recommend initializing all unused ports to eliminate wasted current consumption on unused pins.
Finished building target: "MSP430-leds.out"
 

**** Build Finished ****

**** Build of configuration Debug for project MSP430-leds ****

"C:\\ti\\ccs1000\\ccs\\utils\\bin\\gmake" -k all 
 
Building file: "../I2C.c"
Invoking: MSP430 Compiler
"C:/ti/ccs1000/ccs/tools/compiler/ti-cgt-msp430_20.2.0.LTS/bin/cl430" -vmsp --abi=eabi -Ooff --include_path="C:/ti/ccs1000/ccs/ccs_base/msp430/include" --include_path="C:/ti/ccs1000/ccs/tools/compiler/ti-cgt-msp430_20.2.0.LTS/include" --advice:power="all" -g --define=__MSP430F1611__ --diag_warning=225 --display_error_number --diag_wrap=off --printf_support=minimal --preproc_with_compile --preproc_dependency="I2C.d_raw"  "../I2C.c"
"../I2C.c", line 39: remark #1528-D: (ULP 3.1) Detected flag polling using I2CBUSY. Recommend using an interrupt combined with enter LPMx and ISR
"../I2C.c", line 47: remark #1527-D: (ULP 2.1) Detected SW delay loop using empty loop. Recommend using a timer module instead
"../I2C.c", line 55: remark #1528-D: (ULP 3.1) Detected flag polling using I2CBUSY. Recommend using an interrupt combined with enter LPMx and ISR
"../I2C.c", line 64: remark #1527-D: (ULP 2.1) Detected SW delay loop using empty loop. Recommend using a timer module instead
Finished building: "../I2C.c"
 
Building file: "../keys.c"
Invoking: MSP430 Compiler
"C:/ti/ccs1000/ccs/tools/compiler/ti-cgt-msp430_20.2.0.LTS/bin/cl430" -vmsp --abi=eabi -Ooff --include_path="C:/ti/ccs1000/ccs/ccs_base/msp430/include" --include_path="C:/ti/ccs1000/ccs/tools/compiler/ti-cgt-msp430_20.2.0.LTS/include" --advice:power="all" -g --define=__MSP430F1611__ --diag_warning=225 --display_error_number --diag_wrap=off --printf_support=minimal --preproc_with_compile --preproc_dependency="keys.d_raw"  "../keys.c"
"../keys.c", line 21: remark #1544-D: (ULP 13.1) Detected loop counting up. Recommend loops count down as detecting zeros is easier
"../keys.c", line 32: remark #1545-D: (ULP 14.1) Array index of type "int". Recommend using "unsigned int"
"../keys.c", line 69: remark #1544-D: (ULP 13.1) Detected loop counting up. Recommend loops count down as detecting zeros is easier
Finished building: "../keys.c"
 
Building file: "../leds.c"
Invoking: MSP430 Compiler
"C:/ti/ccs1000/ccs/tools/compiler/ti-cgt-msp430_20.2.0.LTS/bin/cl430" -vmsp --abi=eabi -Ooff --include_path="C:/ti/ccs1000/ccs/ccs_base/msp430/include" --include_path="C:/ti/ccs1000/ccs/tools/compiler/ti-cgt-msp430_20.2.0.LTS/include" --advice:power="all" -g --define=__MSP430F1611__ --diag_warning=225 --display_error_number --diag_wrap=off --printf_support=minimal --preproc_with_compile --preproc_dependency="leds.d_raw"  "../leds.c"
Finished building: "../leds.c"
 
Building file: "../main.c"
Invoking: MSP430 Compiler
"C:/ti/ccs1000/ccs/tools/compiler/ti-cgt-msp430_20.2.0.LTS/bin/cl430" -vmsp --abi=eabi -Ooff --include_path="C:/ti/ccs1000/ccs/ccs_base/msp430/include" --include_path="C:/ti/ccs1000/ccs/tools/compiler/ti-cgt-msp430_20.2.0.LTS/include" --advice:power="all" -g --define=__MSP430F1611__ --diag_warning=225 --display_error_number --diag_wrap=off --printf_support=minimal --preproc_with_compile --preproc_dependency="main.d_raw"  "../main.c"
"../main.c", line 14: remark #1535-D: (ULP 8.1) variable "_key" is used as a constant. Recommend declaring variable as either 'static const' or 'const'
Finished building: "../main.c"
 
Building file: "../sysfunc.c"
Invoking: MSP430 Compiler
"C:/ti/ccs1000/ccs/tools/compiler/ti-cgt-msp430_20.2.0.LTS/bin/cl430" -vmsp --abi=eabi -Ooff --include_path="C:/ti/ccs1000/ccs/ccs_base/msp430/include" --include_path="C:/ti/ccs1000/ccs/tools/compiler/ti-cgt-msp430_20.2.0.LTS/include" --advice:power="all" -g --define=__MSP430F1611__ --diag_warning=225 --display_error_number --diag_wrap=off --printf_support=minimal --preproc_with_compile --preproc_dependency="sysfunc.d_raw"  "../sysfunc.c"
"../sysfunc.c", line 26: remark #1527-D: (ULP 2.1) Detected SW delay loop using empty loop. Recommend using a timer module instead
"../sysfunc.c", line 35: remark #1544-D: (ULP 13.1) Detected loop counting up. Recommend loops count down as detecting zeros is easier
"../sysfunc.c", line 35: remark #1527-D: (ULP 2.1) Detected SW delay loop using empty loop. Recommend using a timer module instead
"../sysfunc.c", line 36: remark #1544-D: (ULP 13.1) Detected loop counting up. Recommend loops count down as detecting zeros is easier
"../sysfunc.c", line 36: remark #1527-D: (ULP 2.1) Detected SW delay loop using empty loop. Recommend using a timer module instead
"../sysfunc.c", line 42: remark #1544-D: (ULP 13.1) Detected loop counting up. Recommend loops count down as detecting zeros is easier
"../sysfunc.c", line 42: remark #1527-D: (ULP 2.1) Detected SW delay loop using empty loop. Recommend using a timer module instead
Finished building: "../sysfunc.c"
 
Building target: "MSP430-leds.out"
Invoking: MSP430 Linker
"C:/ti/ccs1000/ccs/tools/compiler/ti-cgt-msp430_20.2.0.LTS/bin/cl430" -vmsp --abi=eabi -Ooff --advice:power="all" -g --define=__MSP430F1611__ --diag_warning=225 --display_error_number --diag_wrap=off --printf_support=minimal -z -m"MSP430-leds.map" --heap_size=80 --stack_size=80 --use_hw_mpy=16 --cinit_hold_wdt=on -i"C:/ti/ccs1000/ccs/ccs_base/msp430/include" -i"C:/ti/ccs1000/ccs/tools/compiler/ti-cgt-msp430_20.2.0.LTS/lib" -i"C:/ti/ccs1000/ccs/tools/compiler/ti-cgt-msp430_20.2.0.LTS/include" --reread_libs --warn_sections --display_error_number --diag_wrap=off --xml_link_info="MSP430-leds_linkInfo.xml" --rom_model -o "MSP430-leds.out" "./I2C.obj" "./keys.obj" "./leds.obj" "./main.obj" "./msp430_initialize_unused_interrrupt_vectors.obj" "./sysfunc.obj" "../lnk_msp430f1611.cmd"  -llibc.a 
<Linking>
error #10056: symbol "__TI_int04" redefined: first defined in "./main.obj"; redefined in "./msp430_initialize_unused_interrrupt_vectors.obj"
remark #10371-D: (ULP 1.1) Detected no uses of low power mode state changing instructions
error #10010: errors encountered during linking; "MSP430-leds.out" not built
remark #10372-D: (ULP 4.1) Detected uninitialized Port 1 in this project. Recommend initializing all unused ports to eliminate wasted current consumption on unused pins.
remark #10372-D: (ULP 4.1) Detected uninitialized Port 2 in this project. Recommend initializing all unused ports to eliminate wasted current consumption on unused pins.
remark #10372-D: (ULP 4.1) Detected uninitialized Port 4 in this project. Recommend initializing all unused ports to eliminate wasted current consumption on unused pins.
remark #10372-D: (ULP 4.1) Detected uninitialized Port 5 in this project. Recommend initializing all unused ports to eliminate wasted current consumption on unused pins.
remark #10372-D: (ULP 4.1) Detected uninitialized Port 6 in this project. Recommend initializing all unused ports to eliminate wasted current consumption on unused pins.
 
>> Compilation failure
makefile:145: recipe for target 'MSP430-leds.out' failed
gmake: *** [MSP430-leds.out] Error 1
gmake: Target 'all' not remade because of errors.

**** Build Finished ****

**** Build of configuration Debug for project MSP430-leds ****

"C:\\ti\\ccs1000\\ccs\\utils\\bin\\gmake" -k all 
 
Building file: "../msp430_initialize_unused_interrrupt_vectors.c"
Invoking: MSP430 Compiler
"C:/ti/ccs1000/ccs/tools/compiler/ti-cgt-msp430_20.2.0.LTS/bin/cl430" -vmsp --abi=eabi -Ooff --include_path="C:/ti/ccs1000/ccs/ccs_base/msp430/include" --include_path="C:/ti/ccs1000/ccs/tools/compiler/ti-cgt-msp430_20.2.0.LTS/include" --advice:power="all" -g --define=__MSP430F1611__ --diag_warning=225 --display_error_number --diag_wrap=off --printf_support=minimal --preproc_with_compile --preproc_dependency="msp430_initialize_unused_interrrupt_vectors.d_raw"  "../msp430_initialize_unused_interrrupt_vectors.c"
Finished building: "../msp430_initialize_unused_interrrupt_vectors.c"
 
Building target: "MSP430-leds.out"
Invoking: MSP430 Linker
"C:/ti/ccs1000/ccs/tools/compiler/ti-cgt-msp430_20.2.0.LTS/bin/cl430" -vmsp --abi=eabi -Ooff --advice:power="all" -g --define=__MSP430F1611__ --diag_warning=225 --display_error_number --diag_wrap=off --printf_support=minimal -z -m"MSP430-leds.map" --heap_size=80 --stack_size=80 --use_hw_mpy=16 --cinit_hold_wdt=on -i"C:/ti/ccs1000/ccs/ccs_base/msp430/include" -i"C:/ti/ccs1000/ccs/tools/compiler/ti-cgt-msp430_20.2.0.LTS/lib" -i"C:/ti/ccs1000/ccs/tools/compiler/ti-cgt-msp430_20.2.0.LTS/include" --reread_libs --warn_sections --display_error_number --diag_wrap=off --xml_link_info="MSP430-leds_linkInfo.xml" --rom_model -o "MSP430-leds.out" "./I2C.obj" "./keys.obj" "./leds.obj" "./main.obj" "./msp430_initialize_unused_interrrupt_vectors.obj" "./sysfunc.obj" "../lnk_msp430f1611.cmd"  -llibc.a 
<Linking>
remark #10371-D: (ULP 1.1) Detected no uses of low power mode state changing instructions
remark #10372-D: (ULP 4.1) Detected uninitialized Port 1 in this project. Recommend initializing all unused ports to eliminate wasted current consumption on unused pins.
remark #10372-D: (ULP 4.1) Detected uninitialized Port 2 in this project. Recommend initializing all unused ports to eliminate wasted current consumption on unused pins.
remark #10372-D: (ULP 4.1) Detected uninitialized Port 4 in this project. Recommend initializing all unused ports to eliminate wasted current consumption on unused pins.
remark #10372-D: (ULP 4.1) Detected uninitialized Port 5 in this project. Recommend initializing all unused ports to eliminate wasted current consumption on unused pins.
remark #10372-D: (ULP 4.1) Detected uninitialized Port 6 in this project. Recommend initializing all unused ports to eliminate wasted current consumption on unused pins.
Finished building target: "MSP430-leds.out"
 

**** Build Finished ****

**** Build of configuration Debug for project MSP430-leds ****

"C:\\ti\\ccs1000\\ccs\\utils\\bin\\gmake" -k all 
 
Building file: "../msp430_initialize_unused_interrrupt_vectors.c"
Invoking: MSP430 Compiler
"C:/ti/ccs1000/ccs/tools/compiler/ti-cgt-msp430_20.2.0.LTS/bin/cl430" -vmsp --abi=eabi -Ooff --include_path="C:/ti/ccs1000/ccs/ccs_base/msp430/include" --include_path="C:/ti/ccs1000/ccs/tools/compiler/ti-cgt-msp430_20.2.0.LTS/include" --advice:power="all" -g --define=__MSP430F1611__ --diag_warning=225 --display_error_number --diag_wrap=off --printf_support=minimal --preproc_with_compile --preproc_dependency="msp430_initialize_unused_interrrupt_vectors.d_raw"  "../msp430_initialize_unused_interrrupt_vectors.c"
Finished building: "../msp430_initialize_unused_interrrupt_vectors.c"
 
Building target: "MSP430-leds.out"
Invoking: MSP430 Linker
"C:/ti/ccs1000/ccs/tools/compiler/ti-cgt-msp430_20.2.0.LTS/bin/cl430" -vmsp --abi=eabi -Ooff --advice:power="all" -g --define=__MSP430F1611__ --diag_warning=225 --display_error_number --diag_wrap=off --printf_support=minimal -z -m"MSP430-leds.map" --heap_size=80 --stack_size=80 --use_hw_mpy=16 --cinit_hold_wdt=on -i"C:/ti/ccs1000/ccs/ccs_base/msp430/include" -i"C:/ti/ccs1000/ccs/tools/compiler/ti-cgt-msp430_20.2.0.LTS/lib" -i"C:/ti/ccs1000/ccs/tools/compiler/ti-cgt-msp430_20.2.0.LTS/include" --reread_libs --warn_sections --display_error_number --diag_wrap=off --xml_link_info="MSP430-leds_linkInfo.xml" --rom_model -o "MSP430-leds.out" "./I2C.obj" "./keys.obj" "./leds.obj" "./main.obj" "./msp430_initialize_unused_interrrupt_vectors.obj" "./sysfunc.obj" "../lnk_msp430f1611.cmd"  -llibc.a 
<Linking>
remark #10371-D: (ULP 1.1) Detected no uses of low power mode state changing instructions
remark #10372-D: (ULP 4.1) Detected uninitialized Port 1 in this project. Recommend initializing all unused ports to eliminate wasted current consumption on unused pins.
remark #10372-D: (ULP 4.1) Detected uninitialized Port 2 in this project. Recommend initializing all unused ports to eliminate wasted current consumption on unused pins.
remark #10372-D: (ULP 4.1) Detected uninitialized Port 4 in this project. Recommend initializing all unused ports to eliminate wasted current consumption on unused pins.
remark #10372-D: (ULP 4.1) Detected uninitialized Port 5 in this project. Recommend initializing all unused ports to eliminate wasted current consumption on unused pins.
remark #10372-D: (ULP 4.1) Detected uninitialized Port 6 in this project. Recommend initializing all unused ports to eliminate wasted current consumption on unused pins.
Finished building target: "MSP430-leds.out"
 

**** Build Finished ****

**** Build of configuration Debug for project MSP430-leds ****

"C:\\ti\\ccs1000\\ccs\\utils\\bin\\gmake" -k all 
 
gmake: Nothing to be done for 'all'.

**** Build Finished ****

**** Build of configuration Debug for project MSP430-leds ****

"C:\\ti\\ccs1000\\ccs\\utils\\bin\\gmake" -k all 
 
Building file: "../main.c"
Invoking: MSP430 Compiler
"C:/ti/ccs1000/ccs/tools/compiler/ti-cgt-msp430_20.2.0.LTS/bin/cl430" -vmsp --abi=eabi -Ooff --include_path="C:/ti/ccs1000/ccs/ccs_base/msp430/include" --include_path="C:/ti/ccs1000/ccs/tools/compiler/ti-cgt-msp430_20.2.0.LTS/include" --advice:power="all" -g --define=__MSP430F1611__ --diag_warning=225 --display_error_number --diag_wrap=off --printf_support=minimal --preproc_with_compile --preproc_dependency="main.d_raw"  "../main.c"
"../main.c", line 14: remark #1535-D: (ULP 8.1) variable "_key" is used as a constant. Recommend declaring variable as either 'static const' or 'const'
Finished building: "../main.c"
 
Building file: "../msp430_initialize_unused_interrrupt_vectors.c"
Invoking: MSP430 Compiler
"C:/ti/ccs1000/ccs/tools/compiler/ti-cgt-msp430_20.2.0.LTS/bin/cl430" -vmsp --abi=eabi -Ooff --include_path="C:/ti/ccs1000/ccs/ccs_base/msp430/include" --include_path="C:/ti/ccs1000/ccs/tools/compiler/ti-cgt-msp430_20.2.0.LTS/include" --advice:power="all" -g --define=__MSP430F1611__ --diag_warning=225 --display_error_number --diag_wrap=off --printf_support=minimal --preproc_with_compile --preproc_dependency="msp430_initialize_unused_interrrupt_vectors.d_raw"  "../msp430_initialize_unused_interrrupt_vectors.c"
Finished building: "../msp430_initialize_unused_interrrupt_vectors.c"
 
Building file: "../sysfunc.c"
Invoking: MSP430 Compiler
"C:/ti/ccs1000/ccs/tools/compiler/ti-cgt-msp430_20.2.0.LTS/bin/cl430" -vmsp --abi=eabi -Ooff --include_path="C:/ti/ccs1000/ccs/ccs_base/msp430/include" --include_path="C:/ti/ccs1000/ccs/tools/compiler/ti-cgt-msp430_20.2.0.LTS/include" --advice:power="all" -g --define=__MSP430F1611__ --diag_warning=225 --display_error_number --diag_wrap=off --printf_support=minimal --preproc_with_compile --preproc_dependency="sysfunc.d_raw"  "../sysfunc.c"
"../sysfunc.c", line 26: remark #1527-D: (ULP 2.1) Detected SW delay loop using empty loop. Recommend using a timer module instead
"../sysfunc.c", line 35: remark #1544-D: (ULP 13.1) Detected loop counting up. Recommend loops count down as detecting zeros is easier
"../sysfunc.c", line 35: remark #1527-D: (ULP 2.1) Detected SW delay loop using empty loop. Recommend using a timer module instead
"../sysfunc.c", line 36: remark #1544-D: (ULP 13.1) Detected loop counting up. Recommend loops count down as detecting zeros is easier
"../sysfunc.c", line 36: remark #1527-D: (ULP 2.1) Detected SW delay loop using empty loop. Recommend using a timer module instead
"../sysfunc.c", line 42: remark #1544-D: (ULP 13.1) Detected loop counting up. Recommend loops count down as detecting zeros is easier
"../sysfunc.c", line 42: remark #1527-D: (ULP 2.1) Detected SW delay loop using empty loop. Recommend using a timer module instead
Finished building: "../sysfunc.c"
 
Building target: "MSP430-leds.out"
Invoking: MSP430 Linker
"C:/ti/ccs1000/ccs/tools/compiler/ti-cgt-msp430_20.2.0.LTS/bin/cl430" -vmsp --abi=eabi -Ooff --advice:power="all" -g --define=__MSP430F1611__ --diag_warning=225 --display_error_number --diag_wrap=off --printf_support=minimal -z -m"MSP430-leds.map" --heap_size=80 --stack_size=80 --use_hw_mpy=16 --cinit_hold_wdt=on -i"C:/ti/ccs1000/ccs/ccs_base/msp430/include" -i"C:/ti/ccs1000/ccs/tools/compiler/ti-cgt-msp430_20.2.0.LTS/lib" -i"C:/ti/ccs1000/ccs/tools/compiler/ti-cgt-msp430_20.2.0.LTS/include" --reread_libs --warn_sections --display_error_number --diag_wrap=off --xml_link_info="MSP430-leds_linkInfo.xml" --rom_model -o "MSP430-leds.out" "./I2C.obj" "./keys.obj" "./leds.obj" "./main.obj" "./msp430_initialize_unused_interrrupt_vectors.obj" "./sysfunc.obj" "../lnk_msp430f1611.cmd"  -llibc.a 
<Linking>
remark #10371-D: (ULP 1.1) Detected no uses of low power mode state changing instructions
remark #10372-D: (ULP 4.1) Detected uninitialized Port 1 in this project. Recommend initializing all unused ports to eliminate wasted current consumption on unused pins.
remark #10372-D: (ULP 4.1) Detected uninitialized Port 2 in this project. Recommend initializing all unused ports to eliminate wasted current consumption on unused pins.
remark #10372-D: (ULP 4.1) Detected uninitialized Port 4 in this project. Recommend initializing all unused ports to eliminate wasted current consumption on unused pins.
remark #10372-D: (ULP 4.1) Detected uninitialized Port 5 in this project. Recommend initializing all unused ports to eliminate wasted current consumption on unused pins.
remark #10372-D: (ULP 4.1) Detected uninitialized Port 6 in this project. Recommend initializing all unused ports to eliminate wasted current consumption on unused pins.
Finished building target: "MSP430-leds.out"
 

**** Build Finished ****

**** Build of configuration Debug for project MSP430-leds ****

"C:\\ti\\ccs1000\\ccs\\utils\\bin\\gmake" -k all 
 
Building file: "../leds.c"
Invoking: MSP430 Compiler
"C:/ti/ccs1000/ccs/tools/compiler/ti-cgt-msp430_20.2.0.LTS/bin/cl430" -vmsp --abi=eabi -Ooff --include_path="C:/ti/ccs1000/ccs/ccs_base/msp430/include" --include_path="C:/ti/ccs1000/ccs/tools/compiler/ti-cgt-msp430_20.2.0.LTS/include" --advice:power="all" -g --define=__MSP430F1611__ --diag_warning=225 --display_error_number --diag_wrap=off --printf_support=minimal --preproc_with_compile --preproc_dependency="leds.d_raw"  "../leds.c"
Finished building: "../leds.c"
 
Building file: "../main.c"
Invoking: MSP430 Compiler
"C:/ti/ccs1000/ccs/tools/compiler/ti-cgt-msp430_20.2.0.LTS/bin/cl430" -vmsp --abi=eabi -Ooff --include_path="C:/ti/ccs1000/ccs/ccs_base/msp430/include" --include_path="C:/ti/ccs1000/ccs/tools/compiler/ti-cgt-msp430_20.2.0.LTS/include" --advice:power="all" -g --define=__MSP430F1611__ --diag_warning=225 --display_error_number --diag_wrap=off --printf_support=minimal --preproc_with_compile --preproc_dependency="main.d_raw"  "../main.c"
"../main.c", line 14: remark #1535-D: (ULP 8.1) variable "_key" is used as a constant. Recommend declaring variable as either 'static const' or 'const'
Finished building: "../main.c"
 
Building target: "MSP430-leds.out"
Invoking: MSP430 Linker
"C:/ti/ccs1000/ccs/tools/compiler/ti-cgt-msp430_20.2.0.LTS/bin/cl430" -vmsp --abi=eabi -Ooff --advice:power="all" -g --define=__MSP430F1611__ --diag_warning=225 --display_error_number --diag_wrap=off --printf_support=minimal -z -m"MSP430-leds.map" --heap_size=80 --stack_size=80 --use_hw_mpy=16 --cinit_hold_wdt=on -i"C:/ti/ccs1000/ccs/ccs_base/msp430/include" -i"C:/ti/ccs1000/ccs/tools/compiler/ti-cgt-msp430_20.2.0.LTS/lib" -i"C:/ti/ccs1000/ccs/tools/compiler/ti-cgt-msp430_20.2.0.LTS/include" --reread_libs --warn_sections --display_error_number --diag_wrap=off --xml_link_info="MSP430-leds_linkInfo.xml" --rom_model -o "MSP430-leds.out" "./I2C.obj" "./keys.obj" "./leds.obj" "./main.obj" "./msp430_initialize_unused_interrrupt_vectors.obj" "./sysfunc.obj" "../lnk_msp430f1611.cmd"  -llibc.a 
<Linking>
remark #10371-D: (ULP 1.1) Detected no uses of low power mode state changing instructions
remark #10372-D: (ULP 4.1) Detected uninitialized Port 1 in this project. Recommend initializing all unused ports to eliminate wasted current consumption on unused pins.
remark #10372-D: (ULP 4.1) Detected uninitialized Port 2 in this project. Recommend initializing all unused ports to eliminate wasted current consumption on unused pins.
remark #10372-D: (ULP 4.1) Detected uninitialized Port 4 in this project. Recommend initializing all unused ports to eliminate wasted current consumption on unused pins.
remark #10372-D: (ULP 4.1) Detected uninitialized Port 5 in this project. Recommend initializing all unused ports to eliminate wasted current consumption on unused pins.
remark #10372-D: (ULP 4.1) Detected uninitialized Port 6 in this project. Recommend initializing all unused ports to eliminate wasted current consumption on unused pins.
Finished building target: "MSP430-leds.out"
 

**** Build Finished ****

**** Build of configuration Debug for project MSP430-leds ****

"C:\\ti\\ccs1000\\ccs\\utils\\bin\\gmake" -k all 
 
Building file: "../main.c"
Invoking: MSP430 Compiler
"C:/ti/ccs1000/ccs/tools/compiler/ti-cgt-msp430_20.2.0.LTS/bin/cl430" -vmsp --abi=eabi -Ooff --include_path="C:/ti/ccs1000/ccs/ccs_base/msp430/include" --include_path="C:/ti/ccs1000/ccs/tools/compiler/ti-cgt-msp430_20.2.0.LTS/include" --advice:power="all" -g --define=__MSP430F1611__ --diag_warning=225 --display_error_number --diag_wrap=off --printf_support=minimal --preproc_with_compile --preproc_dependency="main.d_raw"  "../main.c"
 
>> Compilation failure
subdir_rules.mk:9: recipe for target 'main.obj' failed
"../main.c", line 84: warning #1111-D: pragma vector can only be applied to a function definition, not "ISR_p1int" (declared at line 85)
"../main.c", line 85: error #66: expected a ";"
"../main.c", line 162: warning #12-D: parsing restarts here after previous syntax error
"../main.c", line 82: warning #179-D: variable "interrupted" was declared but never referenced
"../main.c", line 82: remark #1535-D: (ULP 8.1) variable "interrupted" is used as a constant. Recommend declaring variable as either 'static const' or 'const'
"../main.c", line 166: error #171: expected a declaration
At end of source: warning #12-D: parsing restarts here after previous syntax error
"../main.c", line 14: remark #1535-D: (ULP 8.1) variable "_key" is used as a constant. Recommend declaring variable as either 'static const' or 'const'
2 errors detected in the compilation of "../main.c".
gmake: *** [main.obj] Error 1
gmake: Target 'all' not remade because of errors.

**** Build Finished ****

**** Build of configuration Debug for project MSP430-leds ****

"C:\\ti\\ccs1000\\ccs\\utils\\bin\\gmake" -k all 
 
Building file: "../main.c"
Invoking: MSP430 Compiler
"C:/ti/ccs1000/ccs/tools/compiler/ti-cgt-msp430_20.2.0.LTS/bin/cl430" -vmsp --abi=eabi -Ooff --include_path="C:/ti/ccs1000/ccs/ccs_base/msp430/include" --include_path="C:/ti/ccs1000/ccs/tools/compiler/ti-cgt-msp430_20.2.0.LTS/include" --advice:power="all" -g --define=__MSP430F1611__ --diag_warning=225 --display_error_number --diag_wrap=off --printf_support=minimal --preproc_with_compile --preproc_dependency="main.d_raw"  "../main.c"
 
>> Compilation failure
subdir_rules.mk:9: recipe for target 'main.obj' failed
"../main.c", line 84: warning #1111-D: pragma vector can only be applied to a function definition, not "ISR_p1int" (declared at line 85)
"../main.c", line 85: error #66: expected a ";"
"../main.c", line 162: warning #12-D: parsing restarts here after previous syntax error
"../main.c", line 82: warning #179-D: variable "interrupted" was declared but never referenced
"../main.c", line 82: remark #1535-D: (ULP 8.1) variable "interrupted" is used as a constant. Recommend declaring variable as either 'static const' or 'const'
"../main.c", line 166: error #171: expected a declaration
"../main.c", line 167: error #171: expected a declaration
At end of source: warning #12-D: parsing restarts here after previous syntax error
"../main.c", line 14: remark #1535-D: (ULP 8.1) variable "_key" is used as a constant. Recommend declaring variable as either 'static const' or 'const'
3 errors detected in the compilation of "../main.c".
gmake: *** [main.obj] Error 1
gmake: Target 'all' not remade because of errors.

**** Build Finished ****

**** Build of configuration Debug for project MSP430-leds ****

"C:\\ti\\ccs1000\\ccs\\utils\\bin\\gmake" -k all 
 
Building file: "../main.c"
Invoking: MSP430 Compiler
"C:/ti/ccs1000/ccs/tools/compiler/ti-cgt-msp430_20.2.0.LTS/bin/cl430" -vmsp --abi=eabi -Ooff --include_path="C:/ti/ccs1000/ccs/ccs_base/msp430/include" --include_path="C:/ti/ccs1000/ccs/tools/compiler/ti-cgt-msp430_20.2.0.LTS/include" --advice:power="all" -g --define=__MSP430F1611__ --diag_warning=225 --display_error_number --diag_wrap=off --printf_support=minimal --preproc_with_compile --preproc_dependency="main.d_raw"  "../main.c"
 
>> Compilation failure
subdir_rules.mk:9: recipe for target 'main.obj' failed
"../main.c", line 84: warning #1111-D: pragma vector can only be applied to a function definition, not "ISR_p1int" (declared at line 85)
"../main.c", line 85: error #66: expected a ";"
"../main.c", line 162: warning #12-D: parsing restarts here after previous syntax error
"../main.c", line 82: warning #179-D: variable "interrupted" was declared but never referenced
"../main.c", line 82: remark #1535-D: (ULP 8.1) variable "interrupted" is used as a constant. Recommend declaring variable as either 'static const' or 'const'
"../main.c", line 166: error #171: expected a declaration
"../main.c", line 169: error #171: expected a declaration
"../main.c", line 14: remark #1535-D: (ULP 8.1) variable "_key" is used as a constant. Recommend declaring variable as either 'static const' or 'const'
3 errors detected in the compilation of "../main.c".
gmake: *** [main.obj] Error 1
gmake: Target 'all' not remade because of errors.

**** Build Finished ****

**** Build of configuration Debug for project MSP430-leds ****

"C:\\ti\\ccs1000\\ccs\\utils\\bin\\gmake" -k all 
 
Building file: "../main.c"
Invoking: MSP430 Compiler
"C:/ti/ccs1000/ccs/tools/compiler/ti-cgt-msp430_20.2.0.LTS/bin/cl430" -vmsp --abi=eabi -Ooff --include_path="C:/ti/ccs1000/ccs/ccs_base/msp430/include" --include_path="C:/ti/ccs1000/ccs/tools/compiler/ti-cgt-msp430_20.2.0.LTS/include" --advice:power="all" -g --define=__MSP430F1611__ --diag_warning=225 --display_error_number --diag_wrap=off --printf_support=minimal --preproc_with_compile --preproc_dependency="main.d_raw"  "../main.c"
 
>> Compilation failure
subdir_rules.mk:9: recipe for target 'main.obj' failed
"../main.c", line 84: warning #1111-D: pragma vector can only be applied to a function definition, not "ISR_p1int" (declared at line 85)
"../main.c", line 85: error #66: expected a ";"
"../main.c", line 162: warning #12-D: parsing restarts here after previous syntax error
"../main.c", line 82: warning #179-D: variable "interrupted" was declared but never referenced
"../main.c", line 82: remark #1535-D: (ULP 8.1) variable "interrupted" is used as a constant. Recommend declaring variable as either 'static const' or 'const'
"../main.c", line 166: error #171: expected a declaration
"../main.c", line 169: error #171: expected a declaration
"../main.c", line 14: remark #1535-D: (ULP 8.1) variable "_key" is used as a constant. Recommend declaring variable as either 'static const' or 'const'
3 errors detected in the compilation of "../main.c".
gmake: *** [main.obj] Error 1
gmake: Target 'all' not remade because of errors.

**** Build Finished ****

**** Build of configuration Debug for project MSP430-leds ****

"C:\\ti\\ccs1000\\ccs\\utils\\bin\\gmake" -k all 
 
Building file: "../main.c"
Invoking: MSP430 Compiler
"C:/ti/ccs1000/ccs/tools/compiler/ti-cgt-msp430_20.2.0.LTS/bin/cl430" -vmsp --abi=eabi -Ooff --include_path="C:/ti/ccs1000/ccs/ccs_base/msp430/include" --include_path="C:/ti/ccs1000/ccs/tools/compiler/ti-cgt-msp430_20.2.0.LTS/include" --advice:power="all" -g --define=__MSP430F1611__ --diag_warning=225 --display_error_number --diag_wrap=off --printf_support=minimal --preproc_with_compile --preproc_dependency="main.d_raw"  "../main.c"
"../main.c", line 14: remark #1535-D: (ULP 8.1) variable "_key" is used as a constant. Recommend declaring variable as either 'static const' or 'const'
Finished building: "../main.c"
 
Building target: "MSP430-leds.out"
Invoking: MSP430 Linker
"C:/ti/ccs1000/ccs/tools/compiler/ti-cgt-msp430_20.2.0.LTS/bin/cl430" -vmsp --abi=eabi -Ooff --advice:power="all" -g --define=__MSP430F1611__ --diag_warning=225 --display_error_number --diag_wrap=off --printf_support=minimal -z -m"MSP430-leds.map" --heap_size=80 --stack_size=80 --use_hw_mpy=16 --cinit_hold_wdt=on -i"C:/ti/ccs1000/ccs/ccs_base/msp430/include" -i"C:/ti/ccs1000/ccs/tools/compiler/ti-cgt-msp430_20.2.0.LTS/lib" -i"C:/ti/ccs1000/ccs/tools/compiler/ti-cgt-msp430_20.2.0.LTS/include" --reread_libs --warn_sections --display_error_number --diag_wrap=off --xml_link_info="MSP430-leds_linkInfo.xml" --rom_model -o "MSP430-leds.out" "./I2C.obj" "./keys.obj" "./leds.obj" "./main.obj" "./msp430_initialize_unused_interrrupt_vectors.obj" "./sysfunc.obj" "../lnk_msp430f1611.cmd"  -llibc.a 
<Linking>
remark #10371-D: (ULP 1.1) Detected no uses of low power mode state changing instructions
remark #10372-D: (ULP 4.1) Detected uninitialized Port 1 in this project. Recommend initializing all unused ports to eliminate wasted current consumption on unused pins.
remark #10372-D: (ULP 4.1) Detected uninitialized Port 2 in this project. Recommend initializing all unused ports to eliminate wasted current consumption on unused pins.
remark #10372-D: (ULP 4.1) Detected uninitialized Port 4 in this project. Recommend initializing all unused ports to eliminate wasted current consumption on unused pins.
remark #10372-D: (ULP 4.1) Detected uninitialized Port 5 in this project. Recommend initializing all unused ports to eliminate wasted current consumption on unused pins.
remark #10372-D: (ULP 4.1) Detected uninitialized Port 6 in this project. Recommend initializing all unused ports to eliminate wasted current consumption on unused pins.
Finished building target: "MSP430-leds.out"
 

**** Build Finished ****
